This file contains any messages produced by compilers while
running configure, to aid debugging if configure makes a mistake.

It was created by configure, which was
generated by GNU Autoconf 2.69.  Invocation command line was

  $ ./configure 

## --------- ##
## Platform. ##
## --------- ##

hostname = Cyberwarrior
uname -m = x86_64
uname -r = 4.19.0-1-amd64
uname -s = Linux
uname -v = #1 SMP Debian 4.19.13-1 (2018-12-30)

/usr/bin/uname -p = unknown
/bin/uname -X     = unknown

/bin/arch              = unknown
/usr/bin/arch -k       = unknown
/usr/convex/getsysinfo = unknown
/usr/bin/hostinfo      = unknown
/bin/machine           = unknown
/usr/bin/oslevel       = unknown
/bin/universe          = unknown

PATH: /home/vagner/bin
PATH: /home/vagner/kodi-vlc/kodi-playercorefactory/bash-scripts
PATH: /usr/local/bin
PATH: /usr/bin
PATH: /bin
PATH: /usr/local/games
PATH: /usr/games
PATH: /home/vagner/.config/bspwm/
PATH: /home/vagner/.fzf/bin


## ----------- ##
## Core tests. ##
## ----------- ##

configure:1712: checking whether make sets $(MAKE)
configure:1734: result: yes
configure:1786: checking for a BSD-compatible install
configure:1854: result: /usr/bin/install -c
configure:1867: checking for makeinfo
configure:1883: found /usr/bin/makeinfo
configure:1895: result: makeinfo
configure:1906: checking if makeinfo version >= 6.3
configure:1914: result: ok (6.5)
configure:1928: checking for texi2pdf
configure:1944: found /usr/bin/texi2pdf
configure:1956: result: texi2pdf
configure:1967: checking if texi2pdf version >= 6.3
configure:1975: result: ok (6.5)
configure:1991: checking for egrep
configure:2007: found /bin/egrep
configure:2018: result: egrep
configure:2031: checking for cygpath
configure:2059: result: no
configure:2261: checking for emacs
configure:2279: found /usr/bin/emacs
configure:2291: result: /usr/bin/emacs
configure:2318: checking what a flavor does /usr/bin/emacs have
=> Emacs 26.1
configure:2356: result: Emacs 26.1
configure:2368: checking prefix for /usr/bin/emacs
=> /usr
configure:2401: result: /usr
configure:2409: checking where lisp files should go
configure:2431: result: $(prefix)/share/emacs/site-lisp/w3m/
configure:2591: checking where icon files should go
=> $(prefix)/share/emacs/26.1/etc/images/w3m
configure:2637: result: $(prefix)/share/emacs/26.1/etc/images/w3m
configure:2683: checking for gzip
configure:2701: found /bin/gzip
configure:2713: result: /bin/gzip
configure:2886: creating ./config.status

## ---------------------- ##
## Running config.status. ##
## ---------------------- ##

This file was extended by config.status, which was
generated by GNU Autoconf 2.69.  Invocation command line was

  CONFIG_FILES    = 
  CONFIG_HEADERS  = 
  CONFIG_LINKS    = 
  CONFIG_COMMANDS = 
  $ ./config.status 

on Cyberwarrior

config.status:727: creating Makefile
config.status:727: creating doc/Makefile

## ---------------- ##
## Cache variables. ##
## ---------------- ##

EMACS_cv_SYS_flavor='Emacs 26.1'
EMACS_cv_SYS_icondir='$(prefix)/share/emacs/26.1/etc/images/w3m'
EMACS_cv_SYS_prefix=/usr
ac_cv_env_build_alias_set=
ac_cv_env_build_alias_value=
ac_cv_env_host_alias_set=
ac_cv_env_host_alias_value=
ac_cv_env_target_alias_set=
ac_cv_env_target_alias_value=
ac_cv_path_EMACS=/usr/bin/emacs
ac_cv_path_GZIP_PROG=/bin/gzip
ac_cv_path_install='/usr/bin/install -c'
ac_cv_prog_CYGPATH=no
ac_cv_prog_EGREP=egrep
ac_cv_prog_MAKEINFO=makeinfo
ac_cv_prog_TEXI2PDF=texi2pdf
ac_cv_prog_make_make_set=yes

## ----------------- ##
## Output variables. ##
## ----------------- ##

ADDITIONAL_LOAD_PATH='NONE'
COMPRESS_INSTALL='yes'
CYGPATH='no'
DEFS='-DPACKAGE_NAME=\"\" -DPACKAGE_TARNAME=\"\" -DPACKAGE_VERSION=\"\" -DPACKAGE_STRING=\"\" -DPACKAGE_BUGREPORT=\"\" -DPACKAGE_URL=\"\"'
ECHO_C=''
ECHO_N='-n'
ECHO_T=''
EGREP='egrep'
EMACS='/usr/bin/emacs'
GZIP_PROG='/bin/gzip'
ICONDIR='$(prefix)/share/emacs/26.1/etc/images/w3m'
INSTALL_DATA='${INSTALL} -m 644'
INSTALL_PROGRAM='${INSTALL}'
INSTALL_SCRIPT='${INSTALL}'
LIBOBJS=''
LIBS=''
LTLIBOBJS=''
MAKEINFO='makeinfo'
PACKAGEDIR='NONE'
PACKAGE_BUGREPORT=''
PACKAGE_NAME=''
PACKAGE_STRING=''
PACKAGE_TARNAME=''
PACKAGE_URL=''
PACKAGE_VERSION=''
PATH_SEPARATOR=':'
SET_MAKE=''
SHELL='/bin/bash'
TEXI2PDF='texi2pdf'
VANILLA_FLAG='-q -no-site-file'
XEMACSDEBUG=''
bindir='${exec_prefix}/bin'
build_alias=''
datadir='${datarootdir}'
datarootdir='${prefix}/share'
docdir='${datarootdir}/doc/${PACKAGE}'
dvidir='${docdir}'
exec_prefix='${prefix}'
host_alias=''
htmldir='${docdir}'
includedir='${prefix}/include'
infodir='${datarootdir}/info'
libdir='${exec_prefix}/lib'
libexecdir='${exec_prefix}/libexec'
lispdir='$(prefix)/share/emacs/site-lisp/w3m'
localedir='${datarootdir}/locale'
localstatedir='${prefix}/var'
mandir='${datarootdir}/man'
oldincludedir='/usr/include'
pdfdir='${docdir}'
prefix='/usr'
program_transform_name='s,x,x,'
psdir='${docdir}'
runstatedir='${localstatedir}/run'
sbindir='${exec_prefix}/sbin'
sharedstatedir='${prefix}/com'
sysconfdir='${prefix}/etc'
target_alias=''

## ----------- ##
## confdefs.h. ##
## ----------- ##

/* confdefs.h */
#define PACKAGE_NAME ""
#define PACKAGE_TARNAME ""
#define PACKAGE_VERSION ""
#define PACKAGE_STRING ""
#define PACKAGE_BUGREPORT ""
#define PACKAGE_URL ""

configure: exit 0
